<?xml version="1.0" encoding="UTF-8"?>
<!-- Generated by org.testng.reporters.JUnitReportReporter -->
<testsuite hostname="DESKTOP-DSNGGPE" failures="0" tests="3" name="base.DynamicJson" time="14.039" errors="0" timestamp="2021-05-23T15:35:52 IST" skipped="0">
  <testcase classname="base.DynamicJson" name="AddBook" time="3.010"/>
  <system-out/>
  <testcase classname="base.DynamicJson" name="AddBook" time="7.908"/>
  <system-out/>
  <testcase classname="base.DynamicJson" name="AddBook" time="3.121"/>
  <system-out/>
</testsuite> <!-- base.DynamicJson -->
